<?xml version="1.0" encoding="UTF-8"?>
<!-- Generated by org.testng.reporters.JUnitReportReporter -->
<testsuite hostname="LAPTOP-3BCU5B9N" failures="0" tests="6" name="UnitTestingTool.testparameters" time="308.918" errors="0" timestamp="2023-09-09T11:13:58 IST" skipped="0">
  <testcase classname="UnitTestingTool.testparameters" name="bell" time="55.928"/>
  <system-out>
    <![CDATA[Bell page is launched]]>
  </system-out>
  <testcase classname="UnitTestingTool.testparameters" name="bell" time="55.928"/>
  <system-out>
    <![CDATA[Bell page is launched]]>
  </system-out>
  <testcase classname="UnitTestingTool.testparameters" name="Ista" time="32.437"/>
  <system-out>
    <![CDATA[Insta page is Launched]]>
  </system-out>
  <testcase classname="UnitTestingTool.testparameters" name="tcs" time="15.925"/>
  <system-out>
    <![CDATA[TCS page is launched]]>
  </system-out>
  <testcase classname="UnitTestingTool.testparameters" name="wipro" time="98.031"/>
  <system-out>
    <![CDATA[wipro page is launched]]>
  </system-out>
  <testcase classname="UnitTestingTool.testparameters" name="wipro" time="50.669"/>
  <system-out>
    <![CDATA[wipro page is launched]]>
  </system-out>
</testsuite> <!-- UnitTestingTool.testparameters -->
