<?xml version="1.0" encoding="UTF-8"?>
<!-- Generated by org.testng.reporters.JUnitReportReporter -->
<testsuite hostname="LAPTOP-3BCU5B9N" failures="0" tests="3" name="UnitTestingTool.FirstProgram" time="24.876" errors="0" timestamp="2023-09-09T11:46:53 IST" skipped="0">
  <testcase classname="UnitTestingTool.FirstProgram" name="bell" time="6.918"/>
  <system-out>
    <![CDATA[Bell page is launched]]>
  </system-out>
  <testcase classname="UnitTestingTool.FirstProgram" name="tcs" time="4.906"/>
  <system-out>
    <![CDATA[TCS page is launched]]>
  </system-out>
  <testcase classname="UnitTestingTool.FirstProgram" name="wipro" time="13.052"/>
  <system-out>
    <![CDATA[wipro page is launched]]>
  </system-out>
</testsuite> <!-- UnitTestingTool.FirstProgram -->
