<?xml version="1.0" encoding="UTF-8"?>
<!-- Generated by org.testng.reporters.JUnitReportReporter -->
<testsuite hostname="LAPTOP-3BCU5B9N" failures="0" tests="1" name="UnitTestingTool.bell" time="9.215" errors="0" timestamp="2023-09-09T11:38:42 IST" skipped="0">
  <testcase classname="UnitTestingTool.bell" name="bell" time="9.215"/>
  <system-out>
    <![CDATA[Bell page is launched]]>
  </system-out>
</testsuite> <!-- UnitTestingTool.bell -->
