<?xml version="1.0" encoding="UTF-8"?>
<!-- Generated by org.testng.reporters.JUnitReportReporter -->
<testsuite hostname="LAPTOP-3BCU5B9N" failures="0" tests="1" name="DataProvider.Facebook" time="4.566" errors="0" timestamp="2023-09-09T15:23:55 IST" skipped="0">
  <testcase classname="DataProvider.Facebook" name="deat" time="4.566"/>
  <system-out/>
</testsuite> <!-- DataProvider.Facebook -->
