<?xml version="1.0" encoding="UTF-8"?>
<!-- Generated by org.testng.reporters.JUnitReportReporter -->
<testsuite hostname="LAPTOP-3BCU5B9N" failures="0" tests="1" name="UnitTestingTool.tcs" time="7.612" errors="0" timestamp="2023-09-09T11:31:42 IST" skipped="0">
  <testcase classname="UnitTestingTool.tcs" name="tcs" time="7.612"/>
  <system-out>
    <![CDATA[TCS page is launched]]>
  </system-out>
</testsuite> <!-- UnitTestingTool.tcs -->
