<?xml version="1.0" encoding="UTF-8"?>
<!-- Generated by org.testng.reporters.JUnitReportReporter -->
<testsuite hostname="LAPTOP-3BCU5B9N" failures="0" tests="1" name="DataProvider.hardasseration" time="7.303" errors="0" timestamp="2023-09-09T15:25:31 IST" skipped="0">
  <testcase classname="DataProvider.hardasseration" name="google" time="7.303"/>
  <system-out>
    <![CDATA[Google - About Google, Our Culture & Company News]]>
  </system-out>
</testsuite> <!-- DataProvider.hardasseration -->
