<?xml version="1.0" encoding="UTF-8"?>
<!-- Generated by org.testng.reporters.JUnitReportReporter -->
<testsuite hostname="LAPTOP-3BCU5B9N" failures="0" tests="1" name="UnitTestingTool.Chronologies" time="0.005" errors="0" timestamp="2023-09-09T12:06:09 IST" skipped="0">
  <testcase classname="UnitTestingTool.Chronologies" name="suite" time="0.005"/>
  <system-out>
    <![CDATA[Test suite]]>
  </system-out>
</testsuite> <!-- UnitTestingTool.Chronologies -->
